<?xml version="1.0" encoding="UTF-8"?>
<!-- Generated by org.testng.reporters.JUnitReportReporter -->
<testsuite skipped="0" hostname="LAPTOP-2BGIP9DO" name="BrowserTest.BrowserTest" tests="1" failures="0" timestamp="28 Feb 2021 19:58:33 GMT" time="3.997" errors="0">
  <testcase name="BrowserTest" time="3.997" classname="BrowserTest.BrowserTest"/>
</testsuite> <!-- BrowserTest.BrowserTest -->
