<?xml version="1.0" encoding="UTF-8"?>
<!-- Generated by org.testng.reporters.JUnitReportReporter -->
<testsuite skipped="0" hostname="LAPTOP-2BGIP9DO" name="helloworld_nilo.TestHelloWorld" tests="1" failures="0" timestamp="28 Feb 2021 07:53:15 GMT" time="0.019" errors="0">
  <testcase name="testHelloWorld" time="0.019" classname="helloworld_nilo.TestHelloWorld"/>
</testsuite> <!-- helloworld_nilo.TestHelloWorld -->
