<?xml version="1.0" encoding="UTF-8"?>
<!-- Generated by org.testng.reporters.JUnitReportReporter -->
<testsuite skipped="0" hostname="LAPTOP-2BGIP9DO" name="helloworld_nilo.BrowserTest" tests="1" failures="0" timestamp="28 Feb 2021 18:15:19 GMT" time="4.680" errors="0">
  <testcase name="BrowserTest" time="4.680" classname="helloworld_nilo.BrowserTest"/>
</testsuite> <!-- helloworld_nilo.BrowserTest -->
