<?xml version="1.0" encoding="UTF-8"?>
<!-- Generated by org.testng.reporters.JUnitReportReporter -->
<testsuite skipped="0" hostname="LAPTOP-2BGIP9DO" name="helloworld_nilo.TestHelloWorld" tests="1" failures="0" timestamp="2021-02-28T02:00:26 EST" time="0.006" errors="0">
  <testcase name="testHelloWorld" time="0.006" classname="helloworld_nilo.TestHelloWorld"/>
  <system-out/>
</testsuite> <!-- helloworld_nilo.TestHelloWorld -->
